<?xml version="1.0" encoding="UTF-8"?>
<testsuite name="no.nav.tsm.regulus.regula.trees.validation.ValidationRulesTest" tests="6" skipped="0" failures="0" errors="0" timestamp="2025-03-17T13:59:45"time="0.077">
  <properties/>
  <testcase name="Avsender samme som pasient, Status INVALID()" classname="no.nav.tsm.regulus.regula.trees.validation.ValidationRulesTest" time="0.043"/>
  <testcase name="Behandler samme som pasient, Status INVALID()" classname="no.nav.tsm.regulus.regula.trees.validation.ValidationRulesTest" time="0.01"/>
  <testcase name="Ugyldig regelsettversjon, Status INVALID()" classname="no.nav.tsm.regulus.regula.trees.validation.ValidationRulesTest" time="0.001"/>
  <testcase name="Alt ok, Status OK()" classname="no.nav.tsm.regulus.regula.trees.validation.ValidationRulesTest" time="0.005"/>
  <testcase name="Mangelde dynamiske sporsmaal versjon 2 uke39, Status INVALID()" classname="no.nav.tsm.regulus.regula.trees.validation.ValidationRulesTest" time="0.007"/>
  <testcase name="Ugyldig orgnummer lengde, Status INVALID()" classname="no.nav.tsm.regulus.regula.trees.validation.ValidationRulesTest" time="0.008"/>
</testsuite>
